  Renderer.cpp
C:\Users\성공이\Desktop\ShaderProgramming\BaseProject\SimpleGame\Renderer.cpp(96,56): warning C4244: '인수': 'GLuint'에서 'GLfloat'(으)로 변환하면서 데이터가 손실될 수 있습니다.
  (소스 파일 '/Renderer.cpp'을(를) 컴파일하는 중)
  
C:\Users\성공이\Desktop\ShaderProgramming\BaseProject\SimpleGame\Renderer.cpp(98,56): warning C4244: '인수': 'GLuint'에서 'GLfloat'(으)로 변환하면서 데이터가 손실될 수 있습니다.
  (소스 파일 '/Renderer.cpp'을(를) 컴파일하는 중)
  
C:\Users\성공이\Desktop\ShaderProgramming\BaseProject\SimpleGame\Renderer.cpp(423,13): warning C4305: '초기화 중': 'double'에서 'float'(으)로 잘립니다.
  (소스 파일 '/Renderer.cpp'을(를) 컴파일하는 중)
  
C:\Users\성공이\Desktop\ShaderProgramming\BaseProject\SimpleGame\Renderer.cpp(454,21): warning C4267: '=': 'size_t'에서 'GLint'(으)로 변환하면서 데이터가 손실될 수 있습니다.
  (소스 파일 '/Renderer.cpp'을(를) 컴파일하는 중)
  
C:\Users\성공이\Desktop\ShaderProgramming\BaseProject\SimpleGame\Renderer.cpp(623,25): warning C4305: '+=': 'double'에서 'float'(으)로 잘립니다.
  (소스 파일 '/Renderer.cpp'을(를) 컴파일하는 중)
  
C:\Users\성공이\Desktop\ShaderProgramming\BaseProject\SimpleGame\Renderer.cpp(660,25): warning C4305: '+=': 'double'에서 'float'(으)로 잘립니다.
  (소스 파일 '/Renderer.cpp'을(를) 컴파일하는 중)
  
C:\Users\성공이\Desktop\ShaderProgramming\BaseProject\SimpleGame\Renderer.cpp(733,26): warning C4305: '+=': 'double'에서 'float'(으)로 잘립니다.
  (소스 파일 '/Renderer.cpp'을(를) 컴파일하는 중)
  
C:\Users\성공이\Desktop\ShaderProgramming\BaseProject\SimpleGame\Renderer.cpp(768,27): warning C4305: '+=': 'double'에서 'float'(으)로 잘립니다.
  (소스 파일 '/Renderer.cpp'을(를) 컴파일하는 중)
  
C:\Users\성공이\Desktop\ShaderProgramming\BaseProject\SimpleGame\Renderer.cpp(797,31): warning C4305: '+=': 'double'에서 'float'(으)로 잘립니다.
  (소스 파일 '/Renderer.cpp'을(를) 컴파일하는 중)
  
C:\Users\성공이\Desktop\ShaderProgramming\BaseProject\SimpleGame\Renderer.cpp(856,31): warning C4305: '+=': 'double'에서 'float'(으)로 잘립니다.
  (소스 파일 '/Renderer.cpp'을(를) 컴파일하는 중)
  
  SimpleGame.vcxproj -> C:\Users\성공이\Desktop\ShaderProgramming\BaseProject\x64\Debug\SimpleGame.exe
